{"logLevel":"debug","message":"multithreading is set to false"}
{"logLevel":"debug","message":"Using reflection to scan dependencies for gauge implementations..."}
SLF4J: Failed to load class "org.slf4j.impl.StaticLoggerBinder".
SLF4J: Defaulting to no-operation (NOP) logger implementation
SLF4J: See http://www.slf4j.org/codes.html#StaticLoggerBinder for further details.
log4j:WARN No appenders could be found for logger (io.grpc.netty.shaded.io.netty.util.internal.logging.InternalLoggerFactory).
log4j:WARN Please initialize the log4j system properly.
{"logLevel":"debug","message":"gauge-java took 2224milliseconds to load and scan. This should be less than 'runner_connection_timeout' config value."}
{"logLevel":"debug","message":"run 'gauge config runner_connection_timeout' and verify that it is < 2224"}
{"logLevel":"debug","message":"starting gRPC server..."}
{"logLevel":"debug","message":"started gRPC server on port 51524"}
{"logLevel":"info","message":"Listening on port:51524"}
{"logLevel":"debug","message":"Scanning packages for steps"}
{"logLevel":"debug","message":"Comparing 'HomePageTest.openProject' and 'HomePageTest.openProject'"}
{"logLevel":"debug","message":"Found Open mobile app in current project scope."}
{"logLevel":"debug","message":"Comparing 'HomePageTest.openSection' and 'HomePageTest.openSection'"}
{"logLevel":"debug","message":"Found Open Section in current project scope."}
{"logLevel":"debug","message":"Comparing 'HomePageTest.clickByTicket' and 'HomePageTest.clickByTicket'"}
{"logLevel":"debug","message":"Found Click Buy Ticket in current project scope."}
{"logLevel":"debug","message":"Scanning packages for hooks"}
{"logLevel":"debug","message":"Scanned steps (using static parsing + reflections): "}
{"logLevel":"debug","message":"\tOpen Section : public void openSection()"}
{"logLevel":"debug","message":"\tOpen mobile app : public void openProject()"}
{"logLevel":"debug","message":"\tClick Buy Ticket : public void clickByTicket()"}
Ağu 18, 2020 3:55:54 PM io.appium.java_client.remote.AppiumCommandExecutor$1 lambda$0
INFO: Detected dialect: W3C
{"logLevel":"debug","message":"Executing 'Open mobile app' using 'class HomePageTest.openProject"}
{"logLevel":"debug","message":"Executing 'Open Section' using 'class HomePageTest.openSection"}
{"logLevel":"debug","message":"Executing 'Click Buy Ticket' using 'class HomePageTest.clickByTicket"}
